<?xml version="1.0" encoding="utf-8"?><testsuites><testsuite name="pytest" errors="0" failures="0" skipped="0" tests="5" time="0.078" timestamp="2022-06-14T23:01:52.043387" hostname="m.server"><testcase classname="test_SimpleCalc.TestSimpleCalc" name="test_assertIs_multiply" time="0.002" /><testcase classname="test_SimpleCalc.TestSimpleCalc" name="test_divison" time="0.001" /><testcase classname="test_SimpleCalc.TestSimpleCalc" name="test_simpleadd" time="0.002" /><testcase classname="test_SimpleCalc.TestSimpleCalc" name="test_simplesub" time="0.001" /><testcase classname="test_SimpleCalc.TestSimpleCalc" name="test_simplesubFail" time="0.001" /></testsuite></testsuites>